<?xml version="1.0" encoding="UTF-8"?>
<!-- Generated by org.testng.reporters.JUnitReportReporter -->
<testsuite hostname="SIPL2016-03" failures="0" tests="3" name="com.crm.qa.testcases.LoginPageTest" time="19.287" errors="0" timestamp="2024-07-31T15:45:37 IST" skipped="1">
  <testcase classname="com.crm.qa.testcases.LoginPageTest" name="loginPageTitleTest" time="6.552"/>
  <testcase classname="com.crm.qa.testcases.LoginPageTest" name="loginTest" time="12.735"/>
  <testcase classname="com.crm.qa.testcases.LoginPageTest" name="crmLogoImageTest">
    <skipped/>
  </testcase> <!-- crmLogoImageTest -->
</testsuite> <!-- com.crm.qa.testcases.LoginPageTest -->
